<?xml version="1.0" encoding="UTF-8"?>
<!-- Generated by org.testng.reporters.JUnitXMLReporter -->
<testsuite ignored="20" hostname="shreyapatil" failures="1" tests="1" name="Default test" time="5.731" errors="0" timestamp="2024-12-29T16:03:17 IST">
  <testcase classname="AmazonTestCases.LoginTC" name="verifyConditionOfUseLinkWorkingProperly" time="0.836">
    <failure type="org.openqa.selenium.NoSuchElementException" message="Unable to locate element: a[href=&amp;quot;/gp/help/customer/display.html/ref=ap_signin_notification_privacy_notice?ie=UTF8&amp;amp;nodeId=468496&amp;quot;]
For documentation on this error, please visit: https://www.selenium.dev/documentation/webdriver/troubleshooting/errors#no-such-element-exception
Build info: version: &amp;apos;4.25.0&amp;apos;, revision: &amp;apos;8a8aea2337&amp;apos;
System info: os.name: &amp;apos;Windows 11&amp;apos;, os.arch: &amp;apos;amd64&amp;apos;, os.version: &amp;apos;10.0&amp;apos;, java.version: &amp;apos;22.0.1&amp;apos;
Driver info: org.openqa.selenium.firefox.FirefoxDriver
Command: [31bc8d36-e291-4037-a99a-ea985fc62369, findElement {value=a[href=&amp;quot;/gp/help/customer/display.html/ref=ap_signin_notification_privacy_notice?ie=UTF8&amp;amp;nodeId=468496&amp;quot;], using=css selector}]
Capabilities {acceptInsecureCerts: true, browserName: firefox, browserVersion: 133.0.3, moz:accessibilityChecks: false, moz:buildID: 20241209150345, moz:debuggerAddress: 127.0.0.1:47766, moz:geckodriverVersion: 0.35.0, moz:headless: false, moz:platformVersion: 10.0, moz:processID: 62592, moz:profile: C:\Users\shrey\AppData\Loca..., moz:shutdownTimeout: 60000, moz:webdriverClick: true, moz:windowless: false, pageLoadStrategy: normal, platformName: windows, proxy: Proxy(), se:cdp: ws://127.0.0.1:47766/devtoo..., se:cdpVersion: 85.0, setWindowRect: true, strictFileInteractability: false, timeouts: {implicit: 0, pageLoad: 300000, script: 30000}, unhandledPromptBehavior: dismiss and notify, userAgent: Mozilla/5.0 (Windows NT 10....}
Session ID: 31bc8d36-e291-4037-a99a-ea985fc62369">
      <![CDATA[org.openqa.selenium.NoSuchElementException: Unable to locate element: a[href="/gp/help/customer/display.html/ref=ap_signin_notification_privacy_notice?ie=UTF8&nodeId=468496"]
For documentation on this error, please visit: https://www.selenium.dev/documentation/webdriver/troubleshooting/errors#no-such-element-exception
Build info: version: '4.25.0', revision: '8a8aea2337'
System info: os.name: 'Windows 11', os.arch: 'amd64', os.version: '10.0', java.version: '22.0.1'
Driver info: org.openqa.selenium.firefox.FirefoxDriver
Command: [31bc8d36-e291-4037-a99a-ea985fc62369, findElement {value=a[href="/gp/help/customer/display.html/ref=ap_signin_notification_privacy_notice?ie=UTF8&nodeId=468496"], using=css selector}]
Capabilities {acceptInsecureCerts: true, browserName: firefox, browserVersion: 133.0.3, moz:accessibilityChecks: false, moz:buildID: 20241209150345, moz:debuggerAddress: 127.0.0.1:47766, moz:geckodriverVersion: 0.35.0, moz:headless: false, moz:platformVersion: 10.0, moz:processID: 62592, moz:profile: C:\Users\shrey\AppData\Loca..., moz:shutdownTimeout: 60000, moz:webdriverClick: true, moz:windowless: false, pageLoadStrategy: normal, platformName: windows, proxy: Proxy(), se:cdp: ws://127.0.0.1:47766/devtoo..., se:cdpVersion: 85.0, setWindowRect: true, strictFileInteractability: false, timeouts: {implicit: 0, pageLoad: 300000, script: 30000}, unhandledPromptBehavior: dismiss and notify, userAgent: Mozilla/5.0 (Windows NT 10....}
Session ID: 31bc8d36-e291-4037-a99a-ea985fc62369
at java.base/jdk.internal.reflect.DirectConstructorHandleAccessor.newInstance(DirectConstructorHandleAccessor.java:62)
at java.base/java.lang.reflect.Constructor.newInstanceWithCaller(Constructor.java:502)
at java.base/java.lang.reflect.Constructor.newInstance(Constructor.java:486)
at org.openqa.selenium.remote.ErrorCodec.decode(ErrorCodec.java:167)
at org.openqa.selenium.remote.codec.w3c.W3CHttpResponseCodec.decode(W3CHttpResponseCodec.java:138)
at org.openqa.selenium.remote.codec.w3c.W3CHttpResponseCodec.decode(W3CHttpResponseCodec.java:50)
at org.openqa.selenium.remote.HttpCommandExecutor.execute(HttpCommandExecutor.java:190)
at org.openqa.selenium.remote.service.DriverCommandExecutor.invokeExecute(DriverCommandExecutor.java:216)
at org.openqa.selenium.remote.service.DriverCommandExecutor.execute(DriverCommandExecutor.java:174)
at org.openqa.selenium.remote.RemoteWebDriver.execute(RemoteWebDriver.java:545)
at org.openqa.selenium.remote.ElementLocation$ElementFinder$2.findElement(ElementLocation.java:165)
at org.openqa.selenium.remote.ElementLocation.findElement(ElementLocation.java:59)
at org.openqa.selenium.remote.RemoteWebDriver.findElement(RemoteWebDriver.java:368)
at org.openqa.selenium.remote.RemoteWebDriver.findElement(RemoteWebDriver.java:362)
at org.openqa.selenium.support.pagefactory.DefaultElementLocator.findElement(DefaultElementLocator.java:68)
at org.openqa.selenium.support.pagefactory.internal.LocatingElementHandler.invoke(LocatingElementHandler.java:38)
at jdk.proxy2/jdk.proxy2.$Proxy11.click(Unknown Source)
at com.testingShastra.Base.Keyword.clickOn(Keyword.java:42)
at com.testingShastra.pages.LoginPage.clickOnConditionOfUseLink(LoginPage.java:202)
at AmazonTestCases.LoginTC.verifyConditionOfUseLinkWorkingProperly(LoginTC.java:230)
at java.base/jdk.internal.reflect.DirectMethodHandleAccessor.invoke(DirectMethodHandleAccessor.java:103)
at java.base/java.lang.reflect.Method.invoke(Method.java:580)
at org.testng.internal.invokers.MethodInvocationHelper.invokeMethod(MethodInvocationHelper.java:141)
at org.testng.internal.invokers.TestInvoker.invokeMethod(TestInvoker.java:686)
at org.testng.internal.invokers.TestInvoker.invokeTestMethod(TestInvoker.java:230)
at org.testng.internal.invokers.MethodRunner.runInSequence(MethodRunner.java:63)
at org.testng.internal.invokers.TestInvoker$MethodInvocationAgent.invoke(TestInvoker.java:992)
at org.testng.internal.invokers.TestInvoker.invokeTestMethods(TestInvoker.java:203)
at org.testng.internal.invokers.TestMethodWorker.invokeTestMethods(TestMethodWorker.java:154)
at org.testng.internal.invokers.TestMethodWorker.run(TestMethodWorker.java:134)
at java.base/java.util.ArrayList.forEach(ArrayList.java:1597)
at org.testng.TestRunner.privateRun(TestRunner.java:739)
at org.testng.TestRunner.run(TestRunner.java:614)
at org.testng.SuiteRunner.runTest(SuiteRunner.java:421)
at org.testng.SuiteRunner.runSequentially(SuiteRunner.java:413)
at org.testng.SuiteRunner.privateRun(SuiteRunner.java:373)
at org.testng.SuiteRunner.run(SuiteRunner.java:312)
at org.testng.SuiteRunnerWorker.runSuite(SuiteRunnerWorker.java:52)
at org.testng.SuiteRunnerWorker.run(SuiteRunnerWorker.java:95)
at org.testng.TestNG.runSuitesSequentially(TestNG.java:1274)
at org.testng.TestNG.runSuitesLocally(TestNG.java:1208)
at org.testng.TestNG.runSuites(TestNG.java:1112)
at org.testng.TestNG.run(TestNG.java:1079)
at org.testng.remote.AbstractRemoteTestNG.run(AbstractRemoteTestNG.java:115)
at org.testng.remote.RemoteTestNG.initAndRun(RemoteTestNG.java:293)
at org.testng.remote.RemoteTestNG.main(RemoteTestNG.java:91)
]]>
    </failure>
  </testcase> <!-- verifyConditionOfUseLinkWorkingProperly -->
  <testcase classname="AmazonTestCases.LoginTC" name="verifyUserLoginValidPhoneNoInvalidPassword" time="0.0">
    <ignored/>
  </testcase> <!-- verifyUserLoginValidPhoneNoInvalidPassword -->
  <testcase classname="AmazonTestCases.LoginTC" name="verifyUserCanLoginWithValidCredentials" time="0.0">
    <ignored/>
  </testcase> <!-- verifyUserCanLoginWithValidCredentials -->
  <testcase classname="AmazonTestCases.LoginTC" name="verifyValidPhoneNoBlankPassword" time="0.0">
    <ignored/>
  </testcase> <!-- verifyValidPhoneNoBlankPassword -->
  <testcase classname="AmazonTestCases.LoginTC" name="verifyUserRedirectedPasswordAssistancePage" time="0.0">
    <ignored/>
  </testcase> <!-- verifyUserRedirectedPasswordAssistancePage -->
  <testcase classname="AmazonTestCases.LoginTC" name="verifyUserLoginWithBlankPassword" time="0.0">
    <ignored/>
  </testcase> <!-- verifyUserLoginWithBlankPassword -->
  <testcase classname="AmazonTestCases.LoginTC" name="verifyUserLoginNonNumericPhoneNo" time="0.0">
    <ignored/>
  </testcase> <!-- verifyUserLoginNonNumericPhoneNo -->
  <testcase classname="AmazonTestCases.LoginTC" name="verifyCopyPasteFunctiionalityPasswordTextBox" time="0.0">
    <ignored/>
  </testcase> <!-- verifyCopyPasteFunctiionalityPasswordTextBox -->
  <testcase classname="AmazonTestCases.LoginTC" name="verifyIsAmzonLogoIsPresent" time="0.0">
    <ignored/>
  </testcase> <!-- verifyIsAmzonLogoIsPresent -->
  <testcase classname="AmazonTestCases.LoginTC" name="verifyUserLoginWithValidCredenByPressingEnter" time="0.0">
    <ignored/>
  </testcase> <!-- verifyUserLoginWithValidCredenByPressingEnter -->
  <testcase classname="AmazonTestCases.LoginTC" name="verifyClickingOnLogoRedirectingHomePage" time="0.0">
    <ignored/>
  </testcase> <!-- verifyClickingOnLogoRedirectingHomePage -->
  <testcase classname="AmazonTestCases.LoginTC" name="verifyUserClickOnCreateAccountButton" time="0.0">
    <ignored/>
  </testcase> <!-- verifyUserClickOnCreateAccountButton -->
  <testcase classname="AmazonTestCases.LoginTC" name="verifyUserLoginVaidPhoneNoValidPasswordUppercase" time="0.0">
    <ignored/>
  </testcase> <!-- verifyUserLoginVaidPhoneNoValidPasswordUppercase -->
  <testcase classname="AmazonTestCases.LoginTC" name="verifyUserLoginVaidPhoneNoValidPasswordLowercase" time="0.0">
    <ignored/>
  </testcase> <!-- verifyUserLoginVaidPhoneNoValidPasswordLowercase -->
  <testcase classname="AmazonTestCases.LoginTC" name="verifyLoginPageTitle" time="0.0">
    <ignored/>
  </testcase> <!-- verifyLoginPageTitle -->
  <testcase classname="AmazonTestCases.LoginTC" name="verifyUserLoginWithBlankUserName" time="0.0">
    <ignored/>
  </testcase> <!-- verifyUserLoginWithBlankUserName -->
  <testcase classname="AmazonTestCases.LoginTC" name="verifyUserLoginLessThan10DigitPhoneNo" time="0.0">
    <ignored/>
  </testcase> <!-- verifyUserLoginLessThan10DigitPhoneNo -->
  <testcase classname="AmazonTestCases.LoginTC" name="verifyDefaultCursorOnPhoneNoTextBox" time="0.0">
    <ignored/>
  </testcase> <!-- verifyDefaultCursorOnPhoneNoTextBox -->
  <testcase classname="AmazonTestCases.LoginTC" name="verifyPasswordMasking" time="0.0">
    <ignored/>
  </testcase> <!-- verifyPasswordMasking -->
  <testcase classname="AmazonTestCases.LoginTC" name="verifyUserLoginByInvalidEmailFormat" time="0.0">
    <ignored/>
  </testcase> <!-- verifyUserLoginByInvalidEmailFormat -->
  <testcase classname="AmazonTestCases.LoginTC" name="verifyUserLoginWithInvalidPhoneNumber" time="0.0">
    <ignored/>
  </testcase> <!-- verifyUserLoginWithInvalidPhoneNumber -->
</testsuite> <!-- Default test -->
