{"uuid":"641cdde9-777e-4553-9795-18736475dac6","historyId":"a22c0b2f00502654d07d6e7a2dc32a20","testCaseId":"1ffd9fbad691dfc606ae22121a1c4878","fullName":"src/test/resources/features/product_page.feature:4","labels":[{"name":"tag","value":"today"},{"name":"host","value":"shreyapatil"},{"name":"thread","value":"7484@shreyapatil.main(1)"},{"name":"feature","value":"This feature file contains all product page test cases."},{"name":"story","value":"To verify when user enter number and special charecter in search box its should display no result message."},{"name":"suite","value":"This feature file contains all product page test cases."},{"name":"testClass","value":"To verify when user enter number and special charecter in search box its should display no result message."},{"name":"framework","value":"cucumber4jvm"},{"name":"language","value":"java"},{"name":"gherkin_uri","value":"file:///D:/Workspace/AmazonFrameworkDesign/src/test/resources/features/product_page.feature"},{"name":"package","value":"src.test.resources.features.product_page_feature.This feature file contains all product page test cases."}],"links":[],"name":"To verify when user enter number and special charecter in search box its should display no result message.","status":"failed","statusDetails":{"known":false,"muted":false,"flaky":false,"message":"Bug: Expected 'No results for ...' but got results instead.","trace":"java.lang.AssertionError: Bug: Expected 'No results for ...' but got results instead.\r\n\tat org.testng.Assert.fail(Assert.java:111)\r\n\tat com.testingShastra.stepdefinations.BddProductPage.verifynoResultMsg(BddProductPage.java:41)\r\n\tat ✽.Verify no result message is displayed or not(file:///D:/Workspace/AmazonFrameworkDesign/src/test/resources/features/product_page.feature:6)\r\n"},"stage":"finished","steps":[{"name":"When User enter number and special charecter in search box andd hit enter","status":"passed","statusDetails":{"known":false,"muted":false,"flaky":false},"stage":"finished","steps":[],"attachments":[],"parameters":[],"start":1735840130874,"stop":1735840131378},{"name":"Then Verify no result message is displayed or not","status":"failed","statusDetails":{"known":false,"muted":false,"flaky":false,"message":"Bug: Expected 'No results for ...' but got results instead.","trace":"java.lang.AssertionError: Bug: Expected 'No results for ...' but got results instead.\r\n\tat org.testng.Assert.fail(Assert.java:111)\r\n\tat com.testingShastra.stepdefinations.BddProductPage.verifynoResultMsg(BddProductPage.java:41)\r\n\tat ✽.Verify no result message is displayed or not(file:///D:/Workspace/AmazonFrameworkDesign/src/test/resources/features/product_page.feature:6)\r\n"},"stage":"finished","steps":[],"attachments":[],"parameters":[],"start":1735840131378,"stop":1735840132507}],"attachments":[],"parameters":[],"start":1735840125893,"stop":1735840133401}