<?xml version="1.0" encoding="UTF-8"?>
<testng-results ignored="0" total="2" passed="0" failed="2" skipped="0">
  <reporter-output>
  </reporter-output>
  <suite started-at="2025-01-02T23:18:36 IST" name="Default suite" finished-at="2025-01-02T23:18:53 IST" duration-ms="17381">
    <groups>
      <group name="cucumber">
        <method signature="AbstractTestNGCucumberTests.runScenario(io.cucumber.testng.PickleWrapper,io.cucumber.testng.FeatureWrapper)[pri:0, instance:com.testingshashtra.runner.FeatureRunner@194fad1]" name="runScenario" class="io.cucumber.testng.AbstractTestNGCucumberTests"/>
      </group> <!-- cucumber -->
    </groups>
    <test started-at="2025-01-02T23:18:36 IST" name="Default test" finished-at="2025-01-02T23:18:53 IST" duration-ms="17381">
      <class name="com.testingshashtra.runner.FeatureRunner">
        <test-method is-config="true" signature="setUpClass(org.testng.ITestContext)[pri:0, instance:com.testingshashtra.runner.FeatureRunner@194fad1]" started-at="2025-01-02T23:18:36 IST" name="setUpClass" finished-at="2025-01-02T23:18:36 IST" duration-ms="595" status="PASS">
          <params>
            <param index="0">
              <value>
                <![CDATA[org.testng.TestRunner@459f703f]]>
              </value>
            </param>
          </params>
          <reporter-output>
          </reporter-output>
        </test-method> <!-- setUpClass -->
        <test-method signature="runScenario(io.cucumber.testng.PickleWrapper,io.cucumber.testng.FeatureWrapper)[pri:0, instance:com.testingshashtra.runner.FeatureRunner@194fad1]" started-at="2025-01-02T23:18:36 IST" name="runScenario" description="Runs Cucumber Scenarios" data-provider="scenarios" finished-at="2025-01-02T23:18:45 IST" duration-ms="9199" status="FAIL">
          <params>
            <param index="0">
              <value>
                <![CDATA["To verify is Paste functionality working in password text box."]]>
              </value>
            </param>
            <param index="1">
              <value>
                <![CDATA["This feature file tests all scenario of loginPage of amazon."]]>
              </value>
            </param>
          </params>
          <exception class="java.lang.AssertionError">
            <message>
              <![CDATA[Bug: Paste functionality is enabled, password was pasted into the field.]]>
            </message>
            <full-stacktrace>
              <![CDATA[java.lang.AssertionError: Bug: Paste functionality is enabled, password was pasted into the field.
at org.testng.Assert.fail(Assert.java:111)
at com.testingShastra.stepdefinations.BddAmazonTestCases.verifyPasteFunctionality(BddAmazonTestCases.java:227)
at ✽.Verify is paste functionality working or not(file:///D:/Workspace/AmazonFrameworkDesign/src/test/resources/features/login.feature:88)
]]>
            </full-stacktrace>
          </exception> <!-- java.lang.AssertionError -->
          <reporter-output>
          </reporter-output>
        </test-method> <!-- runScenario -->
        <test-method signature="runScenario(io.cucumber.testng.PickleWrapper,io.cucumber.testng.FeatureWrapper)[pri:0, instance:com.testingshashtra.runner.FeatureRunner@194fad1]" started-at="2025-01-02T23:18:45 IST" name="runScenario" description="Runs Cucumber Scenarios" data-provider="scenarios" finished-at="2025-01-02T23:18:53 IST" duration-ms="7530" status="FAIL">
          <params>
            <param index="0">
              <value>
                <![CDATA["To verify when user enter number and special charecter in search box its should display no result message."]]>
              </value>
            </param>
            <param index="1">
              <value>
                <![CDATA["This feature file contains all product page test cases."]]>
              </value>
            </param>
          </params>
          <exception class="java.lang.AssertionError">
            <message>
              <![CDATA[Bug: Expected 'No results for ...' but got results instead.]]>
            </message>
            <full-stacktrace>
              <![CDATA[java.lang.AssertionError: Bug: Expected 'No results for ...' but got results instead.
at org.testng.Assert.fail(Assert.java:111)
at com.testingShastra.stepdefinations.BddProductPage.verifynoResultMsg(BddProductPage.java:41)
at ✽.Verify no result message is displayed or not(file:///D:/Workspace/AmazonFrameworkDesign/src/test/resources/features/product_page.feature:6)
]]>
            </full-stacktrace>
          </exception> <!-- java.lang.AssertionError -->
          <reporter-output>
          </reporter-output>
        </test-method> <!-- runScenario -->
        <test-method is-config="true" signature="tearDownClass()[pri:0, instance:com.testingshashtra.runner.FeatureRunner@194fad1]" started-at="2025-01-02T23:18:53 IST" name="tearDownClass" finished-at="2025-01-02T23:18:53 IST" duration-ms="2" status="PASS">
          <reporter-output>
          </reporter-output>
        </test-method> <!-- tearDownClass -->
      </class> <!-- com.testingshashtra.runner.FeatureRunner -->
    </test> <!-- Default test -->
  </suite> <!-- Default suite -->
</testng-results>
