<?xml version="1.0" encoding="UTF-8"?>
<!-- Generated by org.testng.reporters.JUnitReportReporter -->
<testsuite hostname="shreyapatil" failures="2" tests="2" name="com.testingshashtra.runner.FeatureRunner" time="16.729" errors="0" timestamp="2025-01-02T23:18:53 IST" skipped="0">
  <testcase classname="com.testingshashtra.runner.FeatureRunner" name="runScenario" time="9.199">
    <failure message="Bug: Paste functionality is enabled, password was pasted into the field." type="java.lang.AssertionError">
      <![CDATA[java.lang.AssertionError: Bug: Paste functionality is enabled, password was pasted into the field.
at org.testng.Assert.fail(Assert.java:111)
at com.testingShastra.stepdefinations.BddAmazonTestCases.verifyPasteFunctionality(BddAmazonTestCases.java:227)
at ✽.Verify is paste functionality working or not(file:///D:/Workspace/AmazonFrameworkDesign/src/test/resources/features/login.feature:88)
]]>
    </failure>
  </testcase> <!-- runScenario -->
  <testcase classname="com.testingshashtra.runner.FeatureRunner" name="runScenario" time="7.530">
    <failure message="Bug: Expected &#039;No results for ...&#039; but got results instead." type="java.lang.AssertionError">
      <![CDATA[java.lang.AssertionError: Bug: Expected 'No results for ...' but got results instead.
at org.testng.Assert.fail(Assert.java:111)
at com.testingShastra.stepdefinations.BddProductPage.verifynoResultMsg(BddProductPage.java:41)
at ✽.Verify no result message is displayed or not(file:///D:/Workspace/AmazonFrameworkDesign/src/test/resources/features/product_page.feature:6)
]]>
    </failure>
  </testcase> <!-- runScenario -->
</testsuite> <!-- com.testingshashtra.runner.FeatureRunner -->
